<?xml version="1.0" encoding="UTF-8"?>
<!-- Generated by org.testng.reporters.JUnitReportReporter -->
<testsuite skipped="0" hostname="DESKTOP-CNTRCRC" name="SQA.AutomationTest" tests="1" failures="0" timestamp="2023-03-05T14:37:11 BDT" time="197.920" errors="0">
  <testcase name="test" time="197.920" classname="SQA.AutomationTest"/>
  <system-out/>
</testsuite> <!-- SQA.AutomationTest -->
